<?xml version="1.0" encoding="UTF-8"?>
<testsuite xmlns:xsi="http://www.w3.org/2001/XMLSchema-instance" xsi:noNamespaceSchemaLocation="https://maven.apache.org/surefire/maven-surefire-plugin/xsd/surefire-test-report-3.0.xsd" version="3.0" name="com.shop.online_shop.OnlineShopApplicationTests" time="0.797" tests="1" errors="0" skipped="0" failures="0">
  <properties>
[...]
</properties>
  <testcase name="contextLoads" classname="com.shop.online_shop.OnlineShopApplicationTests" time="0.002">
    <system-out><![CDATA[2026-08-24T17:50:14.065+03:30  INFO 186663 --- [online-shop] [           main] t.c.s.AnnotationConfigContextLoaderUtils : Could not detect default configuration classes for test class [com.shop.online_shop.OnlineShopApplicationTests]: OnlineShopApplicationTests does not declare any static, non-private, non-final, nested classes annotated with @Configuration.
2026-08-24T17:50:14.065+03:30  INFO 186663 --- [online-shop] [           main] .b.t.c.SpringBootTestContextBootstrapper : Found @SpringBootConfiguration com.shop.online_shop.OnlineShopApplication for test class com.shop.online_shop.OnlineShopApplicationTests

  .   ____          _            __ _ _
 /\\ / ___'_ __ _ _(_)_ __  __ _ \ \ \ \
( ( )\___ | '_ | '_| | '_ \/ _` | \ \ \ \
 \\/  ___)| |_)| | | | | || (_| |  ) ) ) )
  '  |____| .__|_| |_|_| |_\__, | / / / /
 =========|_|==============|___/=/_/_/_/
 :: Spring Boot ::                (v3.2.0)

2026-08-24T17:50:14.075+03:30  INFO 186663 --- [online-shop] [           main] c.s.o.OnlineShopApplicationTests         : Starting OnlineShopApplicationTests using Java 21.0.12.1 with PID 186663 (started by slroot in /home/slroot/Downloads/online-shop/backend)
2026-08-24T17:50:14.075+03:30 DEBUG 186663 --- [online-shop] [           main] c.s.o.OnlineShopApplicationTests         : Running with Spring Boot v3.2.0, Spring v6.1.1
2026-08-24T17:50:14.076+03:30  INFO 186663 --- [online-shop] [           main] c.s.o.OnlineShopApplicationTests         : No active profile set, falling back to 1 default profile: "default"
2026-08-24T17:50:14.168+03:30  INFO 186663 --- [online-shop] [           main] .s.d.r.c.RepositoryConfigurationDelegate : Bootstrapping Spring Data JPA repositories in DEFAULT mode.
2026-08-24T17:50:14.179+03:30  INFO 186663 --- [online-shop] [           main] .s.d.r.c.RepositoryConfigurationDelegate : Finished Spring Data repository scanning in 10 ms. Found 16 JPA repository interfaces.
2026-08-24T17:50:14.242+03:30  INFO 186663 --- [online-shop] [           main] o.s.o.j.p.SpringPersistenceUnitInfo      : No LoadTimeWeaver setup: ignoring JPA class transformer
2026-08-24T17:50:14.242+03:30  INFO 186663 --- [online-shop] [           main] com.zaxxer.hikari.HikariDataSource       : HikariPool-2 - Starting...
2026-08-24T17:50:14.321+03:30  INFO 186663 --- [online-shop] [           main] com.zaxxer.hikari.pool.HikariPool        : HikariPool-2 - Added connection com.mysql.cj.jdbc.ConnectionImpl@6c51d2c8
2026-08-24T17:50:14.322+03:30  INFO 186663 --- [online-shop] [           main] com.zaxxer.hikari.HikariDataSource       : HikariPool-2 - Start completed.
2026-08-24T17:50:14.565+03:30  INFO 186663 --- [online-shop] [           main] j.LocalContainerEntityManagerFactoryBean : Initialized JPA EntityManagerFactory for persistence unit 'default'
2026-08-24T17:50:14.736+03:30  INFO 186663 --- [online-shop] [           main] c.s.o.service.FileStorageService         : Upload directory: /home/slroot/Downloads/online-shop/backend/uploads/products
2026-08-24T17:50:14.755+03:30  WARN 186663 --- [online-shop] [           main] .s.s.UserDetailsServiceAutoConfiguration : 

Using generated security password: 181bf6aa-9a7f-468d-89cf-bfb857867b8e

This generated password is for development use only. Your security configuration must be updated before running your application in production.

2026-08-24T17:50:14.790+03:30  INFO 186663 --- [online-shop] [           main] o.s.s.web.DefaultSecurityFilterChain     : Will secure any request with [org.springframework.security.web.session.DisableEncodeUrlFilter@63cdd551, org.springframework.security.web.context.request.async.WebAsyncManagerIntegrationFilter@f55bfa8, org.springframework.security.web.context.SecurityContextHolderFilter@3bd7af5b, org.springframework.security.web.header.HeaderWriterFilter@3fbd3e48, org.springframework.web.filter.CorsFilter@4961b6f0, org.springframework.security.web.authentication.logout.LogoutFilter@48649202, com.shop.online_shop.security.JwtAuthenticationFilter@3d3b76da, org.springframework.security.web.savedrequest.RequestCacheAwareFilter@52bf3a8c, org.springframework.security.web.servletapi.SecurityContextHolderAwareRequestFilter@42611ed, org.springframework.security.web.authentication.AnonymousAuthenticationFilter@55f591c2, org.springframework.security.web.session.SessionManagementFilter@ef88b6d, org.springframework.security.web.access.ExceptionTranslationFilter@e9ce3be, org.springframework.security.web.access.intercept.AuthorizationFilter@57b97628]
2026-08-24T17:50:14.849+03:30  INFO 186663 --- [online-shop] [           main] c.s.o.OnlineShopApplicationTests         : Started OnlineShopApplicationTests in 0.783 seconds (process running for 32.971)
Hibernate: 
    select
        p1_0.id,
        p1_0.action,
        p1_0.description,
        p1_0.name,
        p1_0.resource 
    from
        permissions p1_0
Hibernate: 
    select
        r1_0.id 
    from
        roles r1_0 
    where
        r1_0.code=? 
    limit
        ?
Hibernate: 
    select
        r1_0.id 
    from
        roles r1_0 
    where
        r1_0.code=? 
    limit
        ?
Hibernate: 
    select
        r1_0.id 
    from
        roles r1_0 
    where
        r1_0.code=? 
    limit
        ?
Hibernate: 
    select
        r1_0.id 
    from
        roles r1_0 
    where
        r1_0.code=? 
    limit
        ?
Hibernate: 
    select
        u1_0.id 
    from
        users u1_0 
    where
        u1_0.email=? 
    limit
        ?
2026-08-24T17:50:14.858+03:30  INFO 186663 --- [online-shop] [           main] c.shop.online_shop.config.AdminSeeder    : Admin user already exists, skipping.
]]></system-out>
  </testcase>
</testsuite>