<?xml version="1.0" encoding="UTF-8"?>
<testsuite xmlns:xsi="http://www.w3.org/2001/XMLSchema-instance" xsi:noNamespaceSchemaLocation="https://maven.apache.org/surefire/maven-surefire-plugin/xsd/surefire-test-report-3.0.xsd" version="3.0" name="com.shop.online_shop.AuthorizationTest$RecordOwnership" time="6.081" tests="7" errors="0" skipped="0" failures="0">
  <properties>
[...]
</properties>
  <testcase name="sellerCannotDeactivateOthersProduct" classname="com.shop.online_shop.AuthorizationTest$RecordOwnership" time="0.674">
    <system-out><![CDATA[17:49:42.303 [main] INFO org.springframework.test.context.support.AnnotationConfigContextLoaderUtils -- Could not detect default configuration classes for test class [com.shop.online_shop.AuthorizationTest]: AuthorizationTest does not declare any static, non-private, non-final, nested classes annotated with @Configuration.
17:49:42.370 [main] INFO org.springframework.boot.test.context.SpringBootTestContextBootstrapper -- Found @SpringBootConfiguration com.shop.online_shop.OnlineShopApplication for test class com.shop.online_shop.AuthorizationTest
17:49:42.422 [main] INFO org.springframework.test.context.support.AnnotationConfigContextLoaderUtils -- Could not detect default configuration classes for test class [com.shop.online_shop.AuthorizationTest$RecordOwnership]: RecordOwnership does not declare any static, non-private, non-final, nested classes annotated with @Configuration.
17:49:42.426 [main] INFO org.springframework.boot.test.context.SpringBootTestContextBootstrapper -- Found @SpringBootConfiguration com.shop.online_shop.OnlineShopApplication for test class com.shop.online_shop.AuthorizationTest$RecordOwnership

  .   ____          _            __ _ _
 /\\ / ___'_ __ _ _(_)_ __  __ _ \ \ \ \
( ( )\___ | '_ | '_| | '_ \/ _` | \ \ \ \
 \\/  ___)| |_)| | | | | || (_| |  ) ) ) )
  '  |____| .__|_| |_|_| |_\__, | / / / /
 =========|_|==============|___/=/_/_/_/
 :: Spring Boot ::                (v3.2.0)

2026-08-24T17:49:42.595+03:30  INFO 186663 --- [online-shop] [           main] com.shop.online_shop.AuthorizationTest   : Starting AuthorizationTest using Java 21.0.12.1 with PID 186663 (started by slroot in /home/slroot/Downloads/online-shop/backend)
2026-08-24T17:49:42.596+03:30 DEBUG 186663 --- [online-shop] [           main] com.shop.online_shop.AuthorizationTest   : Running with Spring Boot v3.2.0, Spring v6.1.1
2026-08-24T17:49:42.596+03:30  INFO 186663 --- [online-shop] [           main] com.shop.online_shop.AuthorizationTest   : The following 1 profile is active: "test"
2026-08-24T17:49:43.017+03:30  INFO 186663 --- [online-shop] [           main] .s.d.r.c.RepositoryConfigurationDelegate : Bootstrapping Spring Data JPA repositories in DEFAULT mode.
2026-08-24T17:49:43.062+03:30  INFO 186663 --- [online-shop] [           main] .s.d.r.c.RepositoryConfigurationDelegate : Finished Spring Data repository scanning in 41 ms. Found 16 JPA repository interfaces.
2026-08-24T17:49:43.597+03:30  INFO 186663 --- [online-shop] [           main] o.s.o.j.p.SpringPersistenceUnitInfo      : No LoadTimeWeaver setup: ignoring JPA class transformer
2026-08-24T17:49:43.610+03:30  INFO 186663 --- [online-shop] [           main] com.zaxxer.hikari.HikariDataSource       : HikariPool-1 - Starting...
2026-08-24T17:49:43.733+03:30  INFO 186663 --- [online-shop] [           main] com.zaxxer.hikari.pool.HikariPool        : HikariPool-1 - Added connection conn0: url=jdbc:h2:mem:testdb user=SA
2026-08-24T17:49:43.734+03:30  INFO 186663 --- [online-shop] [           main] com.zaxxer.hikari.HikariDataSource       : HikariPool-1 - Start completed.
2026-08-24T17:49:43.748+03:30  WARN 186663 --- [online-shop] [           main] org.hibernate.orm.deprecation            : HHH90000025: H2Dialect does not need to be specified explicitly using 'hibernate.dialect' (remove the property setting and it will be selected by default)
2026-08-24T17:49:44.343+03:30  INFO 186663 --- [online-shop] [           main] j.LocalContainerEntityManagerFactoryBean : Initialized JPA EntityManagerFactory for persistence unit 'default'
2026-08-24T17:49:44.540+03:30  INFO 186663 --- [online-shop] [           main] o.s.d.j.r.query.QueryEnhancerFactory     : Hibernate is in classpath; If applicable, HQL parser will be used.
2026-08-24T17:49:45.236+03:30  INFO 186663 --- [online-shop] [           main] c.s.o.service.FileStorageService         : Upload directory: /home/slroot/Downloads/online-shop/backend/target/test-uploads
2026-08-24T17:49:45.350+03:30  WARN 186663 --- [online-shop] [           main] .s.s.UserDetailsServiceAutoConfiguration : 

Using generated security password: 95ee137c-22df-49eb-be5d-d3f103d9b64b

This generated password is for development use only. Your security configuration must be updated before running your application in production.

2026-08-24T17:49:45.517+03:30  INFO 186663 --- [online-shop] [           main] o.s.s.web.DefaultSecurityFilterChain     : Will secure any request with [org.springframework.security.web.session.DisableEncodeUrlFilter@327dcf8c, org.springframework.security.web.context.request.async.WebAsyncManagerIntegrationFilter@69c7b870, org.springframework.security.web.context.SecurityContextHolderFilter@497f0cb2, org.springframework.security.web.header.HeaderWriterFilter@46eb5c0c, org.springframework.web.filter.CorsFilter@62ccf42c, org.springframework.security.web.authentication.logout.LogoutFilter@f25106c, com.shop.online_shop.security.JwtAuthenticationFilter@5ceeab0c, org.springframework.security.web.savedrequest.RequestCacheAwareFilter@38e8f9a8, org.springframework.security.web.servletapi.SecurityContextHolderAwareRequestFilter@38f9b6cd, org.springframework.security.web.authentication.AnonymousAuthenticationFilter@65227bd6, org.springframework.security.web.session.SessionManagementFilter@22974eba, org.springframework.security.web.access.ExceptionTranslationFilter@6df37cc4, org.springframework.security.web.access.intercept.AuthorizationFilter@7fa498b3]
2026-08-24T17:49:45.774+03:30 DEBUG 186663 --- [online-shop] [           main] c.s.o.security.JwtAuthenticationFilter   : Filter 'jwtAuthenticationFilter' configured for use
2026-08-24T17:49:45.775+03:30  INFO 186663 --- [online-shop] [           main] o.s.b.t.m.w.SpringBootMockServletContext : Initializing Spring TestDispatcherServlet ''
2026-08-24T17:49:45.775+03:30  INFO 186663 --- [online-shop] [           main] o.s.t.web.servlet.TestDispatcherServlet  : Initializing Servlet ''
2026-08-24T17:49:45.776+03:30  INFO 186663 --- [online-shop] [           main] o.s.t.web.servlet.TestDispatcherServlet  : Completed initialization in 1 ms
2026-08-24T17:49:45.792+03:30  INFO 186663 --- [online-shop] [           main] com.shop.online_shop.AuthorizationTest   : Started AuthorizationTest in 3.346 seconds (process running for 3.914)
2026-08-24T17:49:45.875+03:30  INFO 186663 --- [online-shop] [           main] com.shop.online_shop.config.DataSeeder   : Created 26 new permissions (total 26)
2026-08-24T17:49:45.893+03:30  INFO 186663 --- [online-shop] [           main] com.shop.online_shop.config.DataSeeder   : Created base role USER with 7 permissions
2026-08-24T17:49:45.896+03:30  INFO 186663 --- [online-shop] [           main] com.shop.online_shop.config.DataSeeder   : Created base role SELLER with 10 permissions
2026-08-24T17:49:45.898+03:30  INFO 186663 --- [online-shop] [           main] com.shop.online_shop.config.DataSeeder   : Created base role MANAGER with 21 permissions
2026-08-24T17:49:45.900+03:30  INFO 186663 --- [online-shop] [           main] com.shop.online_shop.config.DataSeeder   : Created base role ADMIN with 26 permissions
2026-08-24T17:49:45.982+03:30  INFO 186663 --- [online-shop] [           main] c.shop.online_shop.config.AdminSeeder    : Admin user created: admin@test.local
]]></system-out>
    <system-err><![CDATA[WARNING: A Java agent has been loaded dynamically (/home/slroot/.m2/repository/net/bytebuddy/byte-buddy-agent/1.14.10/byte-buddy-agent-1.14.10.jar)
WARNING: If a serviceability tool is in use, please run with -XX:+EnableDynamicAgentLoading to hide this warning
WARNING: If a serviceability tool is not in use, please run with -Djdk.instrument.traceUsage for more information
WARNING: Dynamic loading of agents will be disallowed by default in a future release
]]></system-err>
  </testcase>
  <testcase name="othersAddressReturnsNotFound" classname="com.shop.online_shop.AuthorizationTest$RecordOwnership" time="0.405"/>
  <testcase name="managerCanEditAnyProduct" classname="com.shop.online_shop.AuthorizationTest$RecordOwnership" time="0.297"/>
  <testcase name="ownershipSurvivesManagerEdit" classname="com.shop.online_shop.AuthorizationTest$RecordOwnership" time="0.292"/>
  <testcase name="sellerCanEditOwnProduct" classname="com.shop.online_shop.AuthorizationTest$RecordOwnership" time="0.274"/>
  <testcase name="managerSeesAllAddresses" classname="com.shop.online_shop.AuthorizationTest$RecordOwnership" time="0.289"/>
  <testcase name="sellerCannotEditOthersProduct" classname="com.shop.online_shop.AuthorizationTest$RecordOwnership" time="0.273"/>
</testsuite>